<?xml version="1.0" encoding="UTF-8"?>
<testng-results skipped="0" failed="0" ignored="0" total="1" passed="1">
  <reporter-output>
  </reporter-output>
  <suite name="Suite" duration-ms="73" started-at="2018-05-15T11:21:53Z" finished-at="2018-05-15T11:21:53Z">
    <groups>
    </groups>
    <test name="Test" duration-ms="73" started-at="2018-05-15T11:21:53Z" finished-at="2018-05-15T11:21:53Z">
      <class name="samplePackageFirst.SampleFirstClass">
        <test-method status="PASS" signature="testData(java.lang.String, java.lang.String)[pri:0, instance:samplePackageFirst.SampleFirstClass@cb5822]" name="testData" duration-ms="23" started-at="2018-05-15T11:21:53Z" data-provider="data" finished-at="2018-05-15T11:21:53Z">
          <params>
            <param index="0">
              <value>
                <![CDATA[Hello]]>
              </value>
            </param>
            <param index="1">
              <value>
                <![CDATA[World]]>
              </value>
            </param>
          </params>
          <reporter-output>
          </reporter-output>
        </test-method> <!-- testData -->
      </class> <!-- samplePackageFirst.SampleFirstClass -->
    </test> <!-- Test -->
  </suite> <!-- Suite -->
</testng-results>
